<?xml version="1.0" encoding="UTF-8"?>
<testng-results skipped="0" failed="0" total="1" passed="1">
  <reporter-output>
  </reporter-output>
  <suite name="Default suite" duration-ms="711" started-at="2020-06-08T06:42:13Z" finished-at="2020-06-08T06:42:14Z">
    <groups>
    </groups>
    <test name="Default test" duration-ms="711" started-at="2020-06-08T06:42:13Z" finished-at="2020-06-08T06:42:14Z">
      <class name="com.jdbc.JdbcConnection">
        <test-method status="PASS" signature="connectdb()[pri:0, instance:com.jdbc.JdbcConnection@226a82c4]" name="connectdb" duration-ms="658" started-at="2020-06-08T12:12:13Z" finished-at="2020-06-08T12:12:14Z">
          <reporter-output>
          </reporter-output>
        </test-method> <!-- connectdb -->
      </class> <!-- com.jdbc.JdbcConnection -->
    </test> <!-- Default test -->
  </suite> <!-- Default suite -->
</testng-results>
