<?xml version="1.0" encoding="UTF-8"?>
<testng-results skipped="0" failed="0" total="1" passed="1">
  <reporter-output>
  </reporter-output>
  <suite name="Default suite" duration-ms="672" started-at="2020-06-10T04:28:01Z" finished-at="2020-06-10T04:28:01Z">
    <groups>
    </groups>
    <test name="Default test" duration-ms="672" started-at="2020-06-10T04:28:01Z" finished-at="2020-06-10T04:28:01Z">
      <class name="com.jdbc.resultSetMetadatatest">
        <test-method status="PASS" signature="connectdb()[pri:0, instance:com.jdbc.resultSetMetadatatest@226a82c4]" name="connectdb" duration-ms="640" started-at="2020-06-10T09:58:01Z" finished-at="2020-06-10T09:58:01Z">
          <reporter-output>
          </reporter-output>
        </test-method> <!-- connectdb -->
      </class> <!-- com.jdbc.resultSetMetadatatest -->
    </test> <!-- Default test -->
  </suite> <!-- Default suite -->
</testng-results>
